#
# There is insufficient memory for the Java Runtime Environment to continue.
# Native memory allocation (malloc) failed to allocate 82976 bytes for Chunk::new
# Possible reasons:
#   The system is out of physical RAM or swap space
#   The process is running with CompressedOops enabled, and the Java Heap may be blocking the growth of the native heap
# Possible solutions:
#   Reduce memory load on the system
#   Increase physical memory or swap space
#   Check if swap backing store is full
#   Decrease Java heap size (-Xmx/-Xms)
#   Decrease number of Java threads
#   Decrease Java thread stack sizes (-Xss)
#   Set larger code cache with -XX:ReservedCodeCacheSize=
#   JVM is running with Unscaled Compressed Oops mode in which the Java heap is
#     placed in the first 4GB address space. The Java Heap base address is the
#     maximum limit for the native heap growth. Please use -XX:HeapBaseMinAddress
#     to set the Java Heap base and to place the Java Heap above 4GB virtual address.
# This output file may be truncated or incomplete.
#
#  Out of Memory Error (allocation.cpp:389), pid=10100, tid=0x0000000000000f0c
#
# JRE version: Java(TM) SE Runtime Environment (8.0_221-b11) (build 1.8.0_221-b11)
# Java VM: Java HotSpot(TM) 64-Bit Server VM (25.221-b11 mixed mode windows-amd64 compressed oops)
# Failed to write core dump. Minidumps are not enabled by default on client versions of Windows
#

---------------  T H R E A D  ---------------

Current thread (0x0000000015516800):  JavaThread "C2 CompilerThread0" daemon [_thread_in_native, id=3852, stack(0x0000000016b80000,0x0000000016c80000)]

Stack: [0x0000000016b80000,0x0000000016c80000]
[error occurred during error reporting (printing stack bounds), id 0xc0000005]

Native frames: (J=compiled Java code, j=interpreted, Vv=VM code, C=native code)


Current CompileTask:
C2:  50003 1475       4       java.util.HashMap::putVal (300 bytes)


---------------  P R O C E S S  ---------------

Java Threads: ( => current thread )
  0x000000001791c000 JavaThread "TimerQueue" daemon [_thread_blocked, id=11256, stack(0x000000001a5f0000,0x000000001a6f0000)]
  0x0000000017659000 JavaThread "Abandoned connection cleanup thread" daemon [_thread_blocked, id=8132, stack(0x0000000018bb0000,0x0000000018cb0000)]
  0x000000000138e000 JavaThread "DestroyJavaVM" [_thread_blocked, id=6044, stack(0x0000000002c00000,0x0000000002d00000)]
  0x0000000017157000 JavaThread "AWT-EventQueue-0" [_thread_blocked, id=9820, stack(0x0000000018ab0000,0x0000000018bb0000)]
  0x000000001713d800 JavaThread "AWT-Windows" daemon [_thread_in_native, id=7732, stack(0x0000000017fc0000,0x00000000180c0000)]
  0x0000000017138800 JavaThread "AWT-Shutdown" [_thread_blocked, id=9832, stack(0x0000000017ec0000,0x0000000017fc0000)]
  0x0000000017138000 JavaThread "Java2D Disposer" daemon [_thread_blocked, id=8124, stack(0x0000000017dc0000,0x0000000017ec0000)]
  0x0000000016db1800 JavaThread "Service Thread" daemon [_thread_blocked, id=1196, stack(0x0000000017280000,0x0000000017380000)]
  0x0000000016d88800 JavaThread "C1 CompilerThread2" daemon [_thread_blocked, id=7840, stack(0x0000000017180000,0x0000000017280000)]
  0x000000001551c800 JavaThread "C2 CompilerThread1" daemon [_thread_blocked, id=10408, stack(0x0000000016c80000,0x0000000016d80000)]
=>0x0000000015516800 JavaThread "C2 CompilerThread0" daemon [_thread_in_native, id=3852, stack(0x0000000016b80000,0x0000000016c80000)]
  0x0000000015514800 JavaThread "Attach Listener" daemon [_thread_blocked, id=5280, stack(0x0000000016a80000,0x0000000016b80000)]
  0x0000000015513000 JavaThread "Signal Dispatcher" daemon [_thread_blocked, id=5788, stack(0x0000000016980000,0x0000000016a80000)]
  0x00000000154f9800 JavaThread "Finalizer" daemon [_thread_blocked, id=8716, stack(0x0000000016780000,0x0000000016880000)]
  0x0000000002ef1000 JavaThread "Reference Handler" daemon [_thread_blocked, id=11212, stack(0x0000000016680000,0x0000000016780000)]

Other Threads:
  0x00000000154d7800 VMThread [stack: 0x0000000016580000,0x0000000016680000] [id=11036]
  0x0000000016dc2000 WatcherThread [stack: 0x0000000017380000,0x0000000017480000] [id=9396]

VM state:not at safepoint (normal execution)

VM Mutex/Monitor currently owned by a thread: None

heap address: 0x00000000c1400000, size: 1004 MB, Compressed Oops mode: 32-bit
Narrow klass base: 0x0000000000000000, Narrow klass shift: 3
Compressed class space size: 1073741824 Address: 0x0000000100000000

Heap:
 PSYoungGen      total 18944K, used 6083K [0x00000000eb180000, 0x00000000ec680000, 0x0000000100000000)
  eden space 16384K, 21% used [0x00000000eb180000,0x00000000eb4f4c30,0x00000000ec180000)
  from space 2560K, 99% used [0x00000000ec400000,0x00000000ec67c040,0x00000000ec680000)
  to   space 2560K, 0% used [0x00000000ec180000,0x00000000ec180000,0x00000000ec400000)
 ParOldGen       total 44032K, used 27892K [0x00000000c1400000, 0x00000000c3f00000, 0x00000000eb180000)
  object space 44032K, 63% used [0x00000000c1400000,0x00000000c2f3d2f8,0x00000000c3f00000)
 Metaspace       used 16615K, capacity 16822K, committed 17024K, reserved 1064960K
  class space    used 2063K, capacity 2135K, committed 2176K, reserved 1048576K

Card table byte_map: [0x00000000122c0000,0x00000000124c0000] byte_map_base: 0x0000000011cb6000

Marking Bits: (ParMarkBitMap*) 0x000000005a8d5ce0
 Begin Bits: [0x0000000012a10000, 0x00000000139c0000)
 End Bits:   [0x00000000139c0000, 0x0000000014970000)

Polling page: 0x0000000001370000

CodeCache: size=245760Kb used=4652Kb max_used=4789Kb free=241107Kb
 bounds [0x0000000002f00000, 0x00000000033b0000, 0x0000000011f00000]
 total_blobs=1984 nmethods=1411 adapters=483
 compilation: enabled

Compilation events (10 events):
Event: 48.887 Thread 0x0000000016d88800 nmethod 1470 0x0000000003011910 code [0x0000000003011b60, 0x00000000030128e8]
Event: 49.913 Thread 0x0000000016d88800 1471   !   3       java.util.concurrent.locks.AbstractQueuedSynchronizer::fullyRelease (54 bytes)
Event: 49.914 Thread 0x000000001551c800 1474       4       javax.swing.JComponent::getWidth (5 bytes)
Event: 49.915 Thread 0x0000000016d88800 nmethod 1471 0x0000000003015410 code [0x00000000030155c0, 0x0000000003015ba8]
Event: 49.915 Thread 0x0000000016d88800 1472       3       java.awt.Component::getBounds (5 bytes)
Event: 49.915 Thread 0x000000001551c800 nmethod 1474 0x00000000033a5cd0 code [0x00000000033a5e00, 0x00000000033a5e58]
Event: 49.916 Thread 0x0000000015516800 1475       4       java.util.HashMap::putVal (300 bytes)
Event: 49.916 Thread 0x0000000016d88800 nmethod 1472 0x000000000301a050 code [0x000000000301a1e0, 0x000000000301a610]
Event: 49.916 Thread 0x0000000016d88800 1473       3       java.awt.Component::bounds (24 bytes)
Event: 49.917 Thread 0x0000000016d88800 nmethod 1473 0x000000000301b050 code [0x000000000301b1c0, 0x000000000301b510]

GC Heap History (4 events):
Event: 5.641 GC heap before
{Heap before GC invocations=1 (full 0):
 PSYoungGen      total 18944K, used 16384K [0x00000000eb180000, 0x00000000ec680000, 0x0000000100000000)
  eden space 16384K, 100% used [0x00000000eb180000,0x00000000ec180000,0x00000000ec180000)
  from space 2560K, 0% used [0x00000000ec400000,0x00000000ec400000,0x00000000ec680000)
  to   space 2560K, 0% used [0x00000000ec180000,0x00000000ec180000,0x00000000ec400000)
 ParOldGen       total 44032K, used 0K [0x00000000c1400000, 0x00000000c3f00000, 0x00000000eb180000)
  object space 44032K, 0% used [0x00000000c1400000,0x00000000c1400000,0x00000000c3f00000)
 Metaspace       used 14492K, capacity 14718K, committed 14976K, reserved 1062912K
  class space    used 1818K, capacity 1909K, committed 1920K, reserved 1048576K
Event: 5.657 GC heap after
Heap after GC invocations=1 (full 0):
 PSYoungGen      total 18944K, used 2544K [0x00000000eb180000, 0x00000000ec680000, 0x0000000100000000)
  eden space 16384K, 0% used [0x00000000eb180000,0x00000000eb180000,0x00000000ec180000)
  from space 2560K, 99% used [0x00000000ec180000,0x00000000ec3fc040,0x00000000ec400000)
  to   space 2560K, 0% used [0x00000000ec400000,0x00000000ec400000,0x00000000ec680000)
 ParOldGen       total 44032K, used 15047K [0x00000000c1400000, 0x00000000c3f00000, 0x00000000eb180000)
  object space 44032K, 34% used [0x00000000c1400000,0x00000000c22b1e20,0x00000000c3f00000)
 Metaspace       used 14492K, capacity 14718K, committed 14976K, reserved 1062912K
  class space    used 1818K, capacity 1909K, committed 1920K, reserved 1048576K
}
Event: 35.901 GC heap before
{Heap before GC invocations=2 (full 0):
 PSYoungGen      total 18944K, used 18928K [0x00000000eb180000, 0x00000000ec680000, 0x0000000100000000)
  eden space 16384K, 100% used [0x00000000eb180000,0x00000000ec180000,0x00000000ec180000)
  from space 2560K, 99% used [0x00000000ec180000,0x00000000ec3fc040,0x00000000ec400000)
  to   space 2560K, 0% used [0x00000000ec400000,0x00000000ec400000,0x00000000ec680000)
 ParOldGen       total 44032K, used 15047K [0x00000000c1400000, 0x00000000c3f00000, 0x00000000eb180000)
  object space 44032K, 34% used [0x00000000c1400000,0x00000000c22b1e20,0x00000000c3f00000)
 Metaspace       used 16440K, capacity 16630K, committed 16768K, reserved 1064960K
  class space    used 2044K, capacity 2135K, committed 2176K, reserved 1048576K
Event: 35.927 GC heap after
Heap after GC invocations=2 (full 0):
 PSYoungGen      total 18944K, used 2544K [0x00000000eb180000, 0x00000000ec680000, 0x0000000100000000)
  eden space 16384K, 0% used [0x00000000eb180000,0x00000000eb180000,0x00000000ec180000)
  from space 2560K, 99% used [0x00000000ec400000,0x00000000ec67c040,0x00000000ec680000)
  to   space 2560K, 0% used [0x00000000ec180000,0x00000000ec180000,0x00000000ec400000)
 ParOldGen       total 44032K, used 27892K [0x00000000c1400000, 0x00000000c3f00000, 0x00000000eb180000)
  object space 44032K, 63% used [0x00000000c1400000,0x00000000c2f3d2f8,0x00000000c3f00000)
 Metaspace       used 16440K, capacity 16630K, committed 16768K, reserved 1064960K
  class space    used 2044K, capacity 2135K, committed 2176K, reserved 1048576K
}

Deoptimization events (10 events):
Event: 5.013 Thread 0x0000000017157000 Uncommon trap: reason=unstable_if action=reinterpret pc=0x00000000031666d4 method=java.util.HashMap.getNode(ILjava/lang/Object;)Ljava/util/HashMap$Node; @ 84
Event: 5.288 Thread 0x0000000017157000 Uncommon trap: reason=class_check action=maybe_recompile pc=0x00000000031a308c method=javax.swing.plaf.nimbus.DerivedColor$UIResource.equals(Ljava/lang/Object;)Z @ 1
Event: 5.288 Thread 0x0000000017157000 Uncommon trap: reason=class_check action=maybe_recompile pc=0x00000000031a308c method=javax.swing.plaf.nimbus.DerivedColor$UIResource.equals(Ljava/lang/Object;)Z @ 1
Event: 5.288 Thread 0x0000000017157000 Uncommon trap: reason=class_check action=maybe_recompile pc=0x00000000031a308c method=javax.swing.plaf.nimbus.DerivedColor$UIResource.equals(Ljava/lang/Object;)Z @ 1
Event: 5.288 Thread 0x0000000017157000 Uncommon trap: reason=class_check action=maybe_recompile pc=0x00000000031a308c method=javax.swing.plaf.nimbus.DerivedColor$UIResource.equals(Ljava/lang/Object;)Z @ 1
Event: 5.711 Thread 0x0000000017a2e800 Uncommon trap: reason=unstable_if action=reinterpret pc=0x0000000003206c98 method=sun.awt.image.ImageRepresentation.getOpaqueRGBImage()Ljava/awt/image/BufferedImage; @ 57
Event: 6.458 Thread 0x0000000017157000 Uncommon trap: reason=class_check action=maybe_recompile pc=0x0000000003091620 method=java.lang.String.equals(Ljava/lang/Object;)Z @ 8
Event: 6.470 Thread 0x0000000017157000 Uncommon trap: reason=class_check action=maybe_recompile pc=0x0000000003091620 method=java.lang.String.equals(Ljava/lang/Object;)Z @ 8
Event: 6.470 Thread 0x0000000017157000 Uncommon trap: reason=class_check action=maybe_recompile pc=0x0000000003091620 method=java.lang.String.equals(Ljava/lang/Object;)Z @ 8
Event: 6.496 Thread 0x0000000017157000 Uncommon trap: reason=class_check action=maybe_recompile pc=0x0000000003091620 method=java.lang.String.equals(Ljava/lang/Object;)Z @ 8

Classes redefined (0 events):
No events

Internal exceptions (10 events):
Event: 2.569 Thread 0x000000000138e000 Exception <a 'java/lang/ClassNotFoundException': ToolBar> (0x00000000eb4ebf88) thrown at [C:\re\workspace\8-2-build-windows-amd64-cygwin\jdk8u221\13320\hotspot\src\share\vm\classfile\systemDictionary.cpp, line 210]
Event: 2.569 Thread 0x000000000138e000 Exception <a 'java/lang/ClassNotFoundException': ToggleButton> (0x00000000eb4ec538) thrown at [C:\re\workspace\8-2-build-windows-amd64-cygwin\jdk8u221\13320\hotspot\src\share\vm\classfile\systemDictionary.cpp, line 210]
Event: 2.569 Thread 0x000000000138e000 Exception <a 'java/lang/ClassNotFoundException': javax/swing/JToolBarSeparator> (0x00000000eb4ec998) thrown at [C:\re\workspace\8-2-build-windows-amd64-cygwin\jdk8u221\13320\hotspot\src\share\vm\classfile\systemDictionary.cpp, line 210]
Event: 2.569 Thread 0x000000000138e000 Exception <a 'java/lang/ClassNotFoundException': ToolBarSeparator> (0x00000000eb4ece30) thrown at [C:\re\workspace\8-2-build-windows-amd64-cygwin\jdk8u221\13320\hotspot\src\share\vm\classfile\systemDictionary.cpp, line 210]
Event: 2.577 Thread 0x000000000138e000 Exception <a 'java/lang/ClassNotFoundException': ToolTip> (0x00000000eb4ed570) thrown at [C:\re\workspace\8-2-build-windows-amd64-cygwin\jdk8u221\13320\hotspot\src\share\vm\classfile\systemDictionary.cpp, line 210]
Event: 2.581 Thread 0x000000000138e000 Exception <a 'java/lang/ClassNotFoundException': Tree> (0x00000000eb4ee190) thrown at [C:\re\workspace\8-2-build-windows-amd64-cygwin\jdk8u221\13320\hotspot\src\share\vm\classfile\systemDictionary.cpp, line 210]
Event: 2.581 Thread 0x000000000138e000 Exception <a 'java/lang/ClassNotFoundException': Tree> (0x00000000eb4ee8d0) thrown at [C:\re\workspace\8-2-build-windows-amd64-cygwin\jdk8u221\13320\hotspot\src\share\vm\classfile\systemDictionary.cpp, line 210]
Event: 2.582 Thread 0x000000000138e000 Exception <a 'java/lang/ClassNotFoundException': javax/swing/JTreeCell> (0x00000000eb4eec50) thrown at [C:\re\workspace\8-2-build-windows-amd64-cygwin\jdk8u221\13320\hotspot\src\share\vm\classfile\systemDictionary.cpp, line 210]
Event: 2.582 Thread 0x000000000138e000 Exception <a 'java/lang/ClassNotFoundException': TreeCell> (0x00000000eb4ef0d8) thrown at [C:\re\workspace\8-2-build-windows-amd64-cygwin\jdk8u221\13320\hotspot\src\share\vm\classfile\systemDictionary.cpp, line 210]
Event: 2.590 Thread 0x000000000138e000 Exception <a 'java/lang/ClassNotFoundException': RootPane> (0x00000000eb4efb38) thrown at [C:\re\workspace\8-2-build-windows-amd64-cygwin\jdk8u221\13320\hotspot\src\share\vm\classfile\systemDictionary.cpp, line 210]

Events (10 events):
Event: 48.368 Thread 0x0000000016d88800 flushing nmethod 0x0000000003159910
Event: 48.368 Thread 0x0000000016d88800 flushing nmethod 0x000000000315be90
Event: 48.368 Thread 0x0000000016d88800 flushing nmethod 0x0000000003166310
Event: 48.368 Thread 0x0000000016d88800 flushing nmethod 0x000000000316ddd0
Event: 48.368 Thread 0x0000000016d88800 flushing nmethod 0x00000000031756d0
Event: 48.368 Thread 0x0000000016d88800 flushing nmethod 0x00000000031a2c10
Event: 48.369 Thread 0x0000000016d88800 flushing nmethod 0x00000000031cfc10
Event: 48.369 Thread 0x0000000016d88800 flushing nmethod 0x00000000031d1ed0
Event: 48.369 Thread 0x0000000016d88800 flushing nmethod 0x0000000003206910
Event: 48.369 Thread 0x0000000016d88800 flushing nmethod 0x0000000003209ed0


Dynamic libraries:
0x00007ff69c0f0000 - 0x00007ff69c127000 	C:\Program Files\Java\jdk1.8.0_221\bin\java.exe
0x00007ffe82b60000 - 0x00007ffe82d50000 	C:\WINDOWS\SYSTEM32\ntdll.dll
0x00007ffe80c10000 - 0x00007ffe80cc2000 	C:\WINDOWS\System32\KERNEL32.DLL
0x00007ffe7fe40000 - 0x00007ffe800e3000 	C:\WINDOWS\System32\KERNELBASE.dll
0x00007ffe81940000 - 0x00007ffe819e3000 	C:\WINDOWS\System32\ADVAPI32.dll
0x00007ffe82890000 - 0x00007ffe8292e000 	C:\WINDOWS\System32\msvcrt.dll
0x00007ffe819f0000 - 0x00007ffe81a87000 	C:\WINDOWS\System32\sechost.dll
0x00007ffe814c0000 - 0x00007ffe815e0000 	C:\WINDOWS\System32\RPCRT4.dll
0x00007ffe80eb0000 - 0x00007ffe81044000 	C:\WINDOWS\System32\USER32.dll
0x00007ffe80b90000 - 0x00007ffe80bb1000 	C:\WINDOWS\System32\win32u.dll
0x00007ffe80ce0000 - 0x00007ffe80d06000 	C:\WINDOWS\System32\GDI32.dll
0x00007ffe809d0000 - 0x00007ffe80b64000 	C:\WINDOWS\System32\gdi32full.dll
0x00007ffe7fda0000 - 0x00007ffe7fe3e000 	C:\WINDOWS\System32\msvcp_win.dll
0x00007ffe800f0000 - 0x00007ffe801ea000 	C:\WINDOWS\System32\ucrtbase.dll
0x00007ffe70670000 - 0x00007ffe708f5000 	C:\WINDOWS\WinSxS\amd64_microsoft.windows.common-controls_6595b64144ccf1df_6.0.18362.592_none_e6c0b1911312be02\COMCTL32.dll
0x00007ffe81600000 - 0x00007ffe81936000 	C:\WINDOWS\System32\combase.dll
0x00007ffe7fd20000 - 0x00007ffe7fda0000 	C:\WINDOWS\System32\bcryptPrimitives.dll
0x00007ffe824f0000 - 0x00007ffe8251e000 	C:\WINDOWS\System32\IMM32.DLL
0x000000005b1f0000 - 0x000000005b2c2000 	C:\Program Files\Java\jdk1.8.0_221\jre\bin\msvcr100.dll
0x000000005a0b0000 - 0x000000005a955000 	C:\Program Files\Java\jdk1.8.0_221\jre\bin\server\jvm.dll
0x00007ffe82800000 - 0x00007ffe82808000 	C:\WINDOWS\System32\PSAPI.DLL
0x00007ffe73260000 - 0x00007ffe7326a000 	C:\WINDOWS\SYSTEM32\VERSION.dll
0x00007ffe7cff0000 - 0x00007ffe7d014000 	C:\WINDOWS\SYSTEM32\WINMM.dll
0x00007ffe7cc50000 - 0x00007ffe7cc7d000 	C:\WINDOWS\SYSTEM32\winmmbase.dll
0x00007ffe7e520000 - 0x00007ffe7e529000 	C:\WINDOWS\SYSTEM32\WSOCK32.dll
0x00007ffe80bc0000 - 0x00007ffe80c0a000 	C:\WINDOWS\System32\cfgmgr32.dll
0x00007ffe80e40000 - 0x00007ffe80eaf000 	C:\WINDOWS\System32\WS2_32.dll
0x00007ffe749e0000 - 0x00007ffe749ef000 	C:\Program Files\Java\jdk1.8.0_221\jre\bin\verify.dll
0x00007ffe5efc0000 - 0x00007ffe5efe9000 	C:\Program Files\Java\jdk1.8.0_221\jre\bin\java.dll
0x00007ffe74960000 - 0x00007ffe74976000 	C:\Program Files\Java\jdk1.8.0_221\jre\bin\zip.dll
0x00007ffe81b00000 - 0x00007ffe821e5000 	C:\WINDOWS\System32\SHELL32.dll
0x00007ffe80d10000 - 0x00007ffe80db9000 	C:\WINDOWS\System32\shcore.dll
0x00007ffe80250000 - 0x00007ffe809cf000 	C:\WINDOWS\System32\windows.storage.dll
0x00007ffe7fa40000 - 0x00007ffe7fa5f000 	C:\WINDOWS\System32\profapi.dll
0x00007ffe7fa80000 - 0x00007ffe7faca000 	C:\WINDOWS\System32\powrprof.dll
0x00007ffe7fa30000 - 0x00007ffe7fa40000 	C:\WINDOWS\System32\UMPDC.dll
0x00007ffe82520000 - 0x00007ffe82572000 	C:\WINDOWS\System32\shlwapi.dll
0x00007ffe7fa60000 - 0x00007ffe7fa71000 	C:\WINDOWS\System32\kernel.appcore.dll
0x00007ffe80b70000 - 0x00007ffe80b87000 	C:\WINDOWS\System32\cryptsp.dll
0x00007ffe57120000 - 0x00007ffe572b9000 	C:\Program Files\Java\jdk1.8.0_221\jre\bin\awt.dll
0x00007ffe82580000 - 0x00007ffe82644000 	C:\WINDOWS\System32\OLEAUT32.dll
0x00007ffe7d300000 - 0x00007ffe7d38f000 	C:\WINDOWS\SYSTEM32\apphelp.dll
0x00007ffe7d430000 - 0x00007ffe7d4c9000 	C:\WINDOWS\system32\uxtheme.dll
0x00007ffe82350000 - 0x00007ffe82485000 	C:\WINDOWS\System32\MSCTF.dll
0x00007ffe821f0000 - 0x00007ffe82346000 	C:\WINDOWS\System32\ole32.dll
0x00007ffe7dc50000 - 0x00007ffe7dc7d000 	C:\WINDOWS\system32\DWMAPI.DLL
0x00007ffe5bc50000 - 0x00007ffe5bc99000 	C:\Program Files\Java\jdk1.8.0_221\jre\bin\fontmanager.dll
0x00007ffe66030000 - 0x00007ffe66186000 	C:\WINDOWS\system32\opengl32.dll
0x00007ffe725e0000 - 0x00007ffe7260c000 	C:\WINDOWS\SYSTEM32\GLU32.dll
0x00007ffe7e6a0000 - 0x00007ffe7e6c0000 	C:\WINDOWS\SYSTEM32\dxcore.dll
0x00007ffe72bb0000 - 0x00007ffe72bca000 	C:\Program Files\Java\jdk1.8.0_221\jre\bin\net.dll
0x00007ffe70f00000 - 0x00007ffe710d6000 	C:\WINDOWS\SYSTEM32\urlmon.dll
0x00007ffe71200000 - 0x00007ffe714a6000 	C:\WINDOWS\SYSTEM32\iertutil.dll
0x00007ffe7f470000 - 0x00007ffe7f47c000 	C:\WINDOWS\SYSTEM32\CRYPTBASE.DLL
0x00007ffe7f2a0000 - 0x00007ffe7f307000 	C:\WINDOWS\system32\mswsock.dll
0x00007ffe7eff0000 - 0x00007ffe7f0ba000 	C:\WINDOWS\SYSTEM32\DNSAPI.dll
0x00007ffe80cd0000 - 0x00007ffe80cd8000 	C:\WINDOWS\System32\NSI.dll
0x00007ffe7ef50000 - 0x00007ffe7ef8a000 	C:\WINDOWS\SYSTEM32\IPHLPAPI.DLL
0x00007ffe74c10000 - 0x00007ffe74c1a000 	C:\Windows\System32\rasadhlp.dll
0x00007ffe75540000 - 0x00007ffe755b7000 	C:\WINDOWS\System32\fwpuclnt.dll
0x00007ffe7fcf0000 - 0x00007ffe7fd16000 	C:\WINDOWS\System32\bcrypt.dll
0x00007ffe82a70000 - 0x00007ffe82b12000 	C:\WINDOWS\System32\clbcatq.dll
0x00007ffe7af40000 - 0x00007ffe7b0ef000 	C:\WINDOWS\SYSTEM32\WindowsCodecs.dll
0x00007ffe69150000 - 0x00007ffe6918a000 	C:\WINDOWS\system32\dataexchange.dll
0x00007ffe7c9f0000 - 0x00007ffe7cc4b000 	C:\WINDOWS\system32\d3d11.dll
0x00007ffe7bc90000 - 0x00007ffe7be6b000 	C:\WINDOWS\system32\dcomp.dll
0x00007ffe7e800000 - 0x00007ffe7e8eb000 	C:\WINDOWS\system32\dxgi.dll
0x00007ffe7d4d0000 - 0x00007ffe7d72a000 	C:\WINDOWS\system32\twinapi.appcore.dll
0x00007ffe7dc80000 - 0x00007ffe7dca9000 	C:\WINDOWS\system32\RMCLIENT.dll
0x00007ffe72770000 - 0x00007ffe72782000 	C:\Program Files\Java\jdk1.8.0_221\jre\bin\nio.dll
0x00007ffe5bc00000 - 0x00007ffe5bc42000 	C:\Program Files\Java\jdk1.8.0_221\jre\bin\t2k.dll
0x00007ffe79b80000 - 0x00007ffe79c1e000 	C:\WINDOWS\System32\TextInputFramework.dll
0x00007ffe7b330000 - 0x00007ffe7b65a000 	C:\WINDOWS\System32\CoreUIComponents.dll
0x00007ffe7d020000 - 0x00007ffe7d0f4000 	C:\WINDOWS\System32\CoreMessaging.dll
0x00007ffe7ea90000 - 0x00007ffe7eac1000 	C:\WINDOWS\SYSTEM32\ntmarta.dll
0x00007ffe7b1d0000 - 0x00007ffe7b323000 	C:\WINDOWS\SYSTEM32\wintypes.dll
0x00007ffe72bd0000 - 0x00007ffe72c35000 	C:\WINDOWS\system32\Oleacc.dll
0x00007ffe772e0000 - 0x00007ffe7730a000 	C:\Program Files\Java\jdk1.8.0_221\jre\bin\dcpr.dll

VM Arguments:
jvm_args: -Dfile.encoding=UTF-8 
java_command: view.CRUD_Petugas
java_class_path (initial): C:\Program Files\NetBeans 8.1\java\modules\ext\AbsoluteLayout.jar;C:\Program Files\NetBeans 8.1\ide\modules\ext\mysql-connector-java-5.1.23-bin.jar;C:\Users\Risna Windows10\Documents\NetBeansProjects\SPPrisna_ujikom\build\classes
Launcher Type: SUN_STANDARD

Environment Variables:
PATH=C:\Program Files (x86)\Common Files\Oracle\Java\javapath;C:\WINDOWS\system32;C:\WINDOWS;C:\WINDOWS\System32\Wbem;C:\WINDOWS\System32\WindowsPowerShell\v1.0\;C:\WINDOWS\System32\OpenSSH\;C:\Users\Risna Windows10\AppData\Local\Microsoft\WindowsApps;
USERNAME=Risna Windows10
OS=Windows_NT
PROCESSOR_IDENTIFIER=Intel64 Family 6 Model 61 Stepping 4, GenuineIntel



---------------  S Y S T E M  ---------------

OS: Windows 10.0 , 64 bit Build 18362 (10.0.18362.329)

CPU:total 4 (initial active 4) (2 cores per cpu, 2 threads per core) family 6 model 61 stepping 4, cmov, cx8, fxsr, mmx, sse, sse2, sse3, ssse3, sse4.1, sse4.2, popcnt, avx, avx2, aes, clmul, erms, 3dnowpref, lzcnt, ht, tsc, tscinvbit, bmi1, bmi2, adx

Memory: 4k page, physical 4106508k(289800k free), swap 16689420k(0k free)

vm_info: Java HotSpot(TM) 64-Bit Server VM (25.221-b11) for windows-amd64 JRE (1.8.0_221-b11), built on Jul  4 2019 04:39:29 by "java_re" with MS VC++ 10.0 (VS2010)

time: Tue Mar 30 17:39:03 2021
timezone: Malay Peninsula Standard Time
elapsed time: 50 seconds (0d 0h 0m 50s)

